{"uid":"30e31998acbfae8e","name":"Test 02: Add Team to Grafana and Verify","fullName":"sanity.GrafanaApi.test02_addTeam","historyId":"c259dd5dfdf50d9742fef9322fa53d23","time":{"start":1742910836173,"stop":1742910836314,"duration":141},"description":"This Test Adds Team to Grafana and Verify it Property","descriptionHtml":"<p>This Test Adds Team to Grafana and Verify it Property</p>\n","status":"broken","statusMessage":"Cannot invoke \"Object.toString()\" because the return value of \"io.restassured.path.json.JsonPath.get(String)\" is null","statusTrace":"java.lang.NullPointerException: Cannot invoke \"Object.toString()\" because the return value of \"io.restassured.path.json.JsonPath.get(String)\" is null\r\n\tat extensions.ApiActions.extractFromJSON(ApiActions.java:20)\r\n\tat workflows.ApiFlows.getTeamProperty(ApiFlows.java:11)\r\n\tat sanity.GrafanaApi.test02_addTeam(GrafanaApi.java:23)\r\n\tat java.base/jdk.internal.reflect.DirectMethodHandleAccessor.invoke(DirectMethodHandleAccessor.java:103)\r\n\tat java.base/java.lang.reflect.Method.invoke(Method.java:580)\r\n\tat org.testng.internal.invokers.MethodInvocationHelper.invokeMethod(MethodInvocationHelper.java:139)\r\n\tat org.testng.internal.invokers.TestInvoker.invokeMethod(TestInvoker.java:677)\r\n\tat org.testng.internal.invokers.TestInvoker.invokeTestMethod(TestInvoker.java:221)\r\n\tat org.testng.internal.invokers.MethodRunner.runInSequence(MethodRunner.java:50)\r\n\tat org.testng.internal.invokers.TestInvoker$MethodInvocationAgent.invoke(TestInvoker.java:969)\r\n\tat org.testng.internal.invokers.TestInvoker.invokeTestMethods(TestInvoker.java:194)\r\n\tat org.testng.internal.invokers.TestMethodWorker.invokeTestMethods(TestMethodWorker.java:148)\r\n\tat org.testng.internal.invokers.TestMethodWorker.run(TestMethodWorker.java:128)\r\n\tat java.base/java.util.ArrayList.forEach(ArrayList.java:1596)\r\n\tat org.testng.TestRunner.privateRun(TestRunner.java:829)\r\n\tat org.testng.TestRunner.run(TestRunner.java:602)\r\n\tat org.testng.SuiteRunner.runTest(SuiteRunner.java:437)\r\n\tat org.testng.SuiteRunner.runSequentially(SuiteRunner.java:431)\r\n\tat org.testng.SuiteRunner.privateRun(SuiteRunner.java:391)\r\n\tat org.testng.SuiteRunner.run(SuiteRunner.java:330)\r\n\tat org.testng.SuiteRunnerWorker.runSuite(SuiteRunnerWorker.java:52)\r\n\tat org.testng.SuiteRunnerWorker.run(SuiteRunnerWorker.java:95)\r\n\tat org.testng.TestNG.runSuitesSequentially(TestNG.java:1256)\r\n\tat org.testng.TestNG.runSuitesLocally(TestNG.java:1176)\r\n\tat org.testng.TestNG.runSuites(TestNG.java:1099)\r\n\tat org.testng.TestNG.run(TestNG.java:1067)\r\n\tat org.apache.maven.surefire.testng.TestNGExecutor.run(TestNGExecutor.java:283)\r\n\tat org.apache.maven.surefire.testng.TestNGXmlTestSuite.execute(TestNGXmlTestSuite.java:75)\r\n\tat org.apache.maven.surefire.testng.TestNGProvider.invoke(TestNGProvider.java:120)\r\n\tat org.apache.maven.surefire.booter.ForkedBooter.invokeProviderInSameClassLoader(ForkedBooter.java:384)\r\n\tat org.apache.maven.surefire.booter.ForkedBooter.runSuitesInProcess(ForkedBooter.java:345)\r\n\tat org.apache.maven.surefire.booter.ForkedBooter.execute(ForkedBooter.java:126)\r\n\tat org.apache.maven.surefire.booter.ForkedBooter.main(ForkedBooter.java:418)\r\n","flaky":false,"newFailed":false,"newBroken":true,"newPassed":false,"retriesCount":5,"retriesStatusChange":true,"beforeStages":[{"name":"startSession","time":{"start":1742910829898,"stop":1742910833116,"duration":3218},"description":"","status":"passed","steps":[],"attachments":[],"parameters":[],"stepsCount":0,"attachmentStep":false,"hasContent":false,"shouldDisplayMessage":false,"attachmentsCount":0},{"name":"beforeMethod","time":{"start":1742910836168,"stop":1742910836168,"duration":0},"description":"","status":"passed","steps":[],"attachments":[],"parameters":[],"stepsCount":0,"attachmentStep":false,"hasContent":false,"shouldDisplayMessage":false,"attachmentsCount":0}],"testStage":{"description":"This Test Adds Team to Grafana and Verify it Property","status":"broken","statusMessage":"Cannot invoke \"Object.toString()\" because the return value of \"io.restassured.path.json.JsonPath.get(String)\" is null","statusTrace":"java.lang.NullPointerException: Cannot invoke \"Object.toString()\" because the return value of \"io.restassured.path.json.JsonPath.get(String)\" is null\r\n\tat extensions.ApiActions.extractFromJSON(ApiActions.java:20)\r\n\tat workflows.ApiFlows.getTeamProperty(ApiFlows.java:11)\r\n\tat sanity.GrafanaApi.test02_addTeam(GrafanaApi.java:23)\r\n\tat java.base/jdk.internal.reflect.DirectMethodHandleAccessor.invoke(DirectMethodHandleAccessor.java:103)\r\n\tat java.base/java.lang.reflect.Method.invoke(Method.java:580)\r\n\tat org.testng.internal.invokers.MethodInvocationHelper.invokeMethod(MethodInvocationHelper.java:139)\r\n\tat org.testng.internal.invokers.TestInvoker.invokeMethod(TestInvoker.java:677)\r\n\tat org.testng.internal.invokers.TestInvoker.invokeTestMethod(TestInvoker.java:221)\r\n\tat org.testng.internal.invokers.MethodRunner.runInSequence(MethodRunner.java:50)\r\n\tat org.testng.internal.invokers.TestInvoker$MethodInvocationAgent.invoke(TestInvoker.java:969)\r\n\tat org.testng.internal.invokers.TestInvoker.invokeTestMethods(TestInvoker.java:194)\r\n\tat org.testng.internal.invokers.TestMethodWorker.invokeTestMethods(TestMethodWorker.java:148)\r\n\tat org.testng.internal.invokers.TestMethodWorker.run(TestMethodWorker.java:128)\r\n\tat java.base/java.util.ArrayList.forEach(ArrayList.java:1596)\r\n\tat org.testng.TestRunner.privateRun(TestRunner.java:829)\r\n\tat org.testng.TestRunner.run(TestRunner.java:602)\r\n\tat org.testng.SuiteRunner.runTest(SuiteRunner.java:437)\r\n\tat org.testng.SuiteRunner.runSequentially(SuiteRunner.java:431)\r\n\tat org.testng.SuiteRunner.privateRun(SuiteRunner.java:391)\r\n\tat org.testng.SuiteRunner.run(SuiteRunner.java:330)\r\n\tat org.testng.SuiteRunnerWorker.runSuite(SuiteRunnerWorker.java:52)\r\n\tat org.testng.SuiteRunnerWorker.run(SuiteRunnerWorker.java:95)\r\n\tat org.testng.TestNG.runSuitesSequentially(TestNG.java:1256)\r\n\tat org.testng.TestNG.runSuitesLocally(TestNG.java:1176)\r\n\tat org.testng.TestNG.runSuites(TestNG.java:1099)\r\n\tat org.testng.TestNG.run(TestNG.java:1067)\r\n\tat org.apache.maven.surefire.testng.TestNGExecutor.run(TestNGExecutor.java:283)\r\n\tat org.apache.maven.surefire.testng.TestNGXmlTestSuite.execute(TestNGXmlTestSuite.java:75)\r\n\tat org.apache.maven.surefire.testng.TestNGProvider.invoke(TestNGProvider.java:120)\r\n\tat org.apache.maven.surefire.booter.ForkedBooter.invokeProviderInSameClassLoader(ForkedBooter.java:384)\r\n\tat org.apache.maven.surefire.booter.ForkedBooter.runSuitesInProcess(ForkedBooter.java:345)\r\n\tat org.apache.maven.surefire.booter.ForkedBooter.execute(ForkedBooter.java:126)\r\n\tat org.apache.maven.surefire.booter.ForkedBooter.main(ForkedBooter.java:418)\r\n","steps":[{"name":"Business Flow: Create New Team in Grafana","time":{"start":1742910836174,"stop":1742910836255,"duration":81},"status":"passed","steps":[{"name":"Post Data to Server","time":{"start":1742910836176,"stop":1742910836255,"duration":79},"status":"passed","steps":[],"attachments":[],"parameters":[{"name":"params","value":"{\"name\":\"DimaTeam\",\"email\":\"dima@gmail.com\"}"},{"name":"resource","value":"/api/teams"}],"stepsCount":0,"attachmentStep":false,"hasContent":true,"shouldDisplayMessage":false,"attachmentsCount":0}],"attachments":[],"parameters":[{"name":"name","value":"DimaTeam"},{"name":"email","value":"dima@gmail.com"}],"stepsCount":1,"attachmentStep":false,"hasContent":true,"shouldDisplayMessage":false,"attachmentsCount":0},{"name":"Business Flow: Get Team Property","time":{"start":1742910836255,"stop":1742910836313,"duration":58},"status":"broken","statusMessage":"Cannot invoke \"Object.toString()\" because the return value of \"io.restassured.path.json.JsonPath.get(String)\" is null","statusTrace":"java.lang.NullPointerException: Cannot invoke \"Object.toString()\" because the return value of \"io.restassured.path.json.JsonPath.get(String)\" is null\r\n\tat extensions.ApiActions.extractFromJSON(ApiActions.java:20)\r\n\tat workflows.ApiFlows.getTeamProperty(ApiFlows.java:11)\r\n\tat sanity.GrafanaApi.test02_addTeam(GrafanaApi.java:23)\r\n\tat java.base/jdk.internal.reflect.DirectMethodHandleAccessor.invoke(DirectMethodHandleAccessor.java:103)\r\n\tat java.base/java.lang.reflect.Method.invoke(Method.java:580)\r\n\tat org.testng.internal.invokers.MethodInvocationHelper.invokeMethod(MethodInvocationHelper.java:139)\r\n\tat org.testng.internal.invokers.TestInvoker.invokeMethod(TestInvoker.java:677)\r\n\tat org.testng.internal.invokers.TestInvoker.invokeTestMethod(TestInvoker.java:221)\r\n\tat org.testng.internal.invokers.MethodRunner.runInSequence(MethodRunner.java:50)\r\n\tat org.testng.internal.invokers.TestInvoker$MethodInvocationAgent.invoke(TestInvoker.java:969)\r\n\tat org.testng.internal.invokers.TestInvoker.invokeTestMethods(TestInvoker.java:194)\r\n\tat org.testng.internal.invokers.TestMethodWorker.invokeTestMethods(TestMethodWorker.java:148)\r\n\tat org.testng.internal.invokers.TestMethodWorker.run(TestMethodWorker.java:128)\r\n\tat java.base/java.util.ArrayList.forEach(ArrayList.java:1596)\r\n\tat org.testng.TestRunner.privateRun(TestRunner.java:829)\r\n\tat org.testng.TestRunner.run(TestRunner.java:602)\r\n\tat org.testng.SuiteRunner.runTest(SuiteRunner.java:437)\r\n\tat org.testng.SuiteRunner.runSequentially(SuiteRunner.java:431)\r\n\tat org.testng.SuiteRunner.privateRun(SuiteRunner.java:391)\r\n\tat org.testng.SuiteRunner.run(SuiteRunner.java:330)\r\n\tat org.testng.SuiteRunnerWorker.runSuite(SuiteRunnerWorker.java:52)\r\n\tat org.testng.SuiteRunnerWorker.run(SuiteRunnerWorker.java:95)\r\n\tat org.testng.TestNG.runSuitesSequentially(TestNG.java:1256)\r\n\tat org.testng.TestNG.runSuitesLocally(TestNG.java:1176)\r\n\tat org.testng.TestNG.runSuites(TestNG.java:1099)\r\n\tat org.testng.TestNG.run(TestNG.java:1067)\r\n\tat org.apache.maven.surefire.testng.TestNGExecutor.run(TestNGExecutor.java:283)\r\n\tat org.apache.maven.surefire.testng.TestNGXmlTestSuite.execute(TestNGXmlTestSuite.java:75)\r\n\tat org.apache.maven.surefire.testng.TestNGProvider.invoke(TestNGProvider.java:120)\r\n\tat org.apache.maven.surefire.booter.ForkedBooter.invokeProviderInSameClassLoader(ForkedBooter.java:384)\r\n\tat org.apache.maven.surefire.booter.ForkedBooter.runSuitesInProcess(ForkedBooter.java:345)\r\n\tat org.apache.maven.surefire.booter.ForkedBooter.execute(ForkedBooter.java:126)\r\n\tat org.apache.maven.surefire.booter.ForkedBooter.main(ForkedBooter.java:418)\r\n","steps":[{"name":"Get Data From Server","time":{"start":1742910836255,"stop":1742910836295,"duration":40},"status":"passed","steps":[],"attachments":[],"parameters":[{"name":"paramValues","value":"/api/teams/search"}],"stepsCount":0,"attachmentStep":false,"hasContent":true,"shouldDisplayMessage":false,"attachmentsCount":0},{"name":"Extract Value From JSON Format","time":{"start":1742910836295,"stop":1742910836313,"duration":18},"status":"broken","statusMessage":"Cannot invoke \"Object.toString()\" because the return value of \"io.restassured.path.json.JsonPath.get(String)\" is null","statusTrace":"java.lang.NullPointerException: Cannot invoke \"Object.toString()\" because the return value of \"io.restassured.path.json.JsonPath.get(String)\" is null\r\n\tat extensions.ApiActions.extractFromJSON(ApiActions.java:20)\r\n\tat workflows.ApiFlows.getTeamProperty(ApiFlows.java:11)\r\n\tat sanity.GrafanaApi.test02_addTeam(GrafanaApi.java:23)\r\n\tat java.base/jdk.internal.reflect.DirectMethodHandleAccessor.invoke(DirectMethodHandleAccessor.java:103)\r\n\tat java.base/java.lang.reflect.Method.invoke(Method.java:580)\r\n\tat org.testng.internal.invokers.MethodInvocationHelper.invokeMethod(MethodInvocationHelper.java:139)\r\n\tat org.testng.internal.invokers.TestInvoker.invokeMethod(TestInvoker.java:677)\r\n\tat org.testng.internal.invokers.TestInvoker.invokeTestMethod(TestInvoker.java:221)\r\n\tat org.testng.internal.invokers.MethodRunner.runInSequence(MethodRunner.java:50)\r\n\tat org.testng.internal.invokers.TestInvoker$MethodInvocationAgent.invoke(TestInvoker.java:969)\r\n\tat org.testng.internal.invokers.TestInvoker.invokeTestMethods(TestInvoker.java:194)\r\n\tat org.testng.internal.invokers.TestMethodWorker.invokeTestMethods(TestMethodWorker.java:148)\r\n\tat org.testng.internal.invokers.TestMethodWorker.run(TestMethodWorker.java:128)\r\n\tat java.base/java.util.ArrayList.forEach(ArrayList.java:1596)\r\n\tat org.testng.TestRunner.privateRun(TestRunner.java:829)\r\n\tat org.testng.TestRunner.run(TestRunner.java:602)\r\n\tat org.testng.SuiteRunner.runTest(SuiteRunner.java:437)\r\n\tat org.testng.SuiteRunner.runSequentially(SuiteRunner.java:431)\r\n\tat org.testng.SuiteRunner.privateRun(SuiteRunner.java:391)\r\n\tat org.testng.SuiteRunner.run(SuiteRunner.java:330)\r\n\tat org.testng.SuiteRunnerWorker.runSuite(SuiteRunnerWorker.java:52)\r\n\tat org.testng.SuiteRunnerWorker.run(SuiteRunnerWorker.java:95)\r\n\tat org.testng.TestNG.runSuitesSequentially(TestNG.java:1256)\r\n\tat org.testng.TestNG.runSuitesLocally(TestNG.java:1176)\r\n\tat org.testng.TestNG.runSuites(TestNG.java:1099)\r\n\tat org.testng.TestNG.run(TestNG.java:1067)\r\n\tat org.apache.maven.surefire.testng.TestNGExecutor.run(TestNGExecutor.java:283)\r\n\tat org.apache.maven.surefire.testng.TestNGXmlTestSuite.execute(TestNGXmlTestSuite.java:75)\r\n\tat org.apache.maven.surefire.testng.TestNGProvider.invoke(TestNGProvider.java:120)\r\n\tat org.apache.maven.surefire.booter.ForkedBooter.invokeProviderInSameClassLoader(ForkedBooter.java:384)\r\n\tat org.apache.maven.surefire.booter.ForkedBooter.runSuitesInProcess(ForkedBooter.java:345)\r\n\tat org.apache.maven.surefire.booter.ForkedBooter.execute(ForkedBooter.java:126)\r\n\tat org.apache.maven.surefire.booter.ForkedBooter.main(ForkedBooter.java:418)\r\n","steps":[],"attachments":[],"parameters":[{"name":"response","value":"io.restassured.internal.RestAssuredResponseImpl@16257f8c"},{"name":"path","value":"teams[1].name"}],"stepsCount":0,"attachmentStep":false,"hasContent":true,"shouldDisplayMessage":true,"attachmentsCount":0}],"attachments":[],"parameters":[{"name":"jPath","value":"teams[1].name"}],"stepsCount":2,"attachmentStep":false,"hasContent":true,"shouldDisplayMessage":false,"attachmentsCount":0}],"attachments":[],"parameters":[],"stepsCount":5,"attachmentStep":false,"hasContent":true,"shouldDisplayMessage":false,"attachmentsCount":0},"afterStages":[{"name":"goToHomePage","time":{"start":1742910836317,"stop":1742910836318,"duration":1},"description":"","status":"passed","steps":[],"attachments":[],"parameters":[],"stepsCount":0,"attachmentStep":false,"hasContent":false,"shouldDisplayMessage":false,"attachmentsCount":0},{"name":"closeSession","time":{"start":1742910836495,"stop":1742910836495,"duration":0},"description":"","status":"passed","steps":[],"attachments":[],"parameters":[],"stepsCount":0,"attachmentStep":false,"hasContent":false,"shouldDisplayMessage":false,"attachmentsCount":0}],"labels":[{"name":"package","value":"sanity.GrafanaApi"},{"name":"testClass","value":"sanity.GrafanaApi"},{"name":"testMethod","value":"test02_addTeam"},{"name":"parentSuite","value":"WebSuite"},{"name":"suite","value":"API Tests"},{"name":"subSuite","value":"sanity.GrafanaApi"},{"name":"host","value":"IL-VV-LP-DNI"},{"name":"thread","value":"27232@IL-VV-LP-DNI.main(1)"},{"name":"framework","value":"testng"},{"name":"language","value":"java"},{"name":"resultFormat","value":"allure2"}],"parameters":[{"name":"PlatformName","value":"api"}],"links":[],"hidden":false,"retry":false,"extra":{"severity":"normal","retries":[{"uid":"a022a393167fb8d3","status":"broken","statusDetails":"java.lang.NullPointerException","time":{"start":1742909766706,"stop":1742909766769,"duration":63}},{"uid":"4ed8a0d3e1f1f7f9","status":"broken","statusDetails":"java.lang.NullPointerException","time":{"start":1742909644303,"stop":1742909644369,"duration":66}},{"uid":"8cbb30ac39083c8","status":"broken","statusDetails":"java.lang.NullPointerException","time":{"start":1742909615717,"stop":1742909615790,"duration":73}},{"uid":"26304e13a1a8ef4d","status":"broken","statusDetails":"java.lang.NullPointerException","time":{"start":1742909599896,"stop":1742909600007,"duration":111}},{"uid":"4d2a27a86b37cdfa","status":"passed","time":{"start":1742907334132,"stop":1742907334232,"duration":100}}],"categories":[{"name":"Test defects","matchedStatuses":[]}],"history":{"statistic":{"failed":0,"broken":2,"skipped":0,"passed":4,"unknown":0,"total":6},"items":[{"uid":"c70a881bb3853491","reportUrl":"http://localhost:9090/job/Sanity%20Tests%20Web/15/allure/#testresult/c70a881bb3853491","status":"passed","time":{"start":1741785643458,"stop":1741785643591,"duration":133}},{"uid":"57334cc822081e38","reportUrl":"http://localhost:9090/job/Sanity%20Tests%20Web/14/allure/#testresult/57334cc822081e38","status":"passed","time":{"start":1741784919360,"stop":1741784919490,"duration":130}},{"uid":"a4f1e7a8e7c0ec26","reportUrl":"http://localhost:9090/job/Sanity%20Tests%20Web/13/allure/#testresult/a4f1e7a8e7c0ec26","status":"passed","time":{"start":1741780280284,"stop":1741780280604,"duration":320}},{"uid":"388199ee6c4d1963","reportUrl":"http://localhost:9090/job/Sanity%20Tests%20Web/12/allure/#testresult/388199ee6c4d1963","status":"passed","time":{"start":1741779733886,"stop":1741779734234,"duration":348}},{"uid":"9420d6fca359f2e","reportUrl":"http://localhost:9090/job/Sanity%20Tests%20Web/11/allure/#testresult/9420d6fca359f2e","status":"broken","statusDetails":"Connection refused: connect","time":{"start":1741779118309,"stop":1741779118423,"duration":114}}]},"tags":[]},"source":"30e31998acbfae8e.json","parameterValues":["api"]}