{"uid":"73c361973d81e29a","name":"Test06 - Verify Cart Icon","fullName":"sanity.SauceDemoWeb.test06_verifyCartIcon","historyId":"aba85d608a731a7745636c0147fc3e77","time":{"start":1742910881290,"stop":1742910882692,"duration":1402},"description":"This test verifies existing a cart icon","descriptionHtml":"<p>This test verifies existing a cart icon</p>\n","status":"failed","statusMessage":"Error Comparing Image FileFindFailed: C:\\\\Automation\\\\FinalProject\\\\ImageRepository\\\\cart.PNG: (37x35) in R[0,0 1920x1080]@S(0)\n  Line 2291, in file Region.java\n","statusTrace":"java.lang.AssertionError: Error Comparing Image FileFindFailed: C:\\\\Automation\\\\FinalProject\\\\ImageRepository\\\\cart.PNG: (37x35) in R[0,0 1920x1080]@S(0)\n  Line 2291, in file Region.java\n\r\n\tat org.testng.Assert.fail(Assert.java:110)\r\n\tat extensions.Verifications.visualElement(Verifications.java:48)\r\n\tat sanity.SauceDemoWeb.test06_verifyCartIcon(SauceDemoWeb.java:50)\r\n\tat java.base/jdk.internal.reflect.DirectMethodHandleAccessor.invoke(DirectMethodHandleAccessor.java:103)\r\n\tat java.base/java.lang.reflect.Method.invoke(Method.java:580)\r\n\tat org.testng.internal.invokers.MethodInvocationHelper.invokeMethod(MethodInvocationHelper.java:139)\r\n\tat org.testng.internal.invokers.TestInvoker.invokeMethod(TestInvoker.java:677)\r\n\tat org.testng.internal.invokers.TestInvoker.invokeTestMethod(TestInvoker.java:221)\r\n\tat org.testng.internal.invokers.MethodRunner.runInSequence(MethodRunner.java:50)\r\n\tat org.testng.internal.invokers.TestInvoker$MethodInvocationAgent.invoke(TestInvoker.java:969)\r\n\tat org.testng.internal.invokers.TestInvoker.invokeTestMethods(TestInvoker.java:194)\r\n\tat org.testng.internal.invokers.TestMethodWorker.invokeTestMethods(TestMethodWorker.java:148)\r\n\tat org.testng.internal.invokers.TestMethodWorker.run(TestMethodWorker.java:128)\r\n\tat java.base/java.util.ArrayList.forEach(ArrayList.java:1596)\r\n\tat org.testng.TestRunner.privateRun(TestRunner.java:829)\r\n\tat org.testng.TestRunner.run(TestRunner.java:602)\r\n\tat org.testng.SuiteRunner.runTest(SuiteRunner.java:437)\r\n\tat org.testng.SuiteRunner.runSequentially(SuiteRunner.java:431)\r\n\tat org.testng.SuiteRunner.privateRun(SuiteRunner.java:391)\r\n\tat org.testng.SuiteRunner.run(SuiteRunner.java:330)\r\n\tat org.testng.SuiteRunnerWorker.runSuite(SuiteRunnerWorker.java:52)\r\n\tat org.testng.SuiteRunnerWorker.run(SuiteRunnerWorker.java:95)\r\n\tat org.testng.TestNG.runSuitesSequentially(TestNG.java:1256)\r\n\tat org.testng.TestNG.runSuitesLocally(TestNG.java:1176)\r\n\tat org.testng.TestNG.runSuites(TestNG.java:1099)\r\n\tat org.testng.TestNG.run(TestNG.java:1067)\r\n\tat org.apache.maven.surefire.testng.TestNGExecutor.run(TestNGExecutor.java:283)\r\n\tat org.apache.maven.surefire.testng.TestNGXmlTestSuite.execute(TestNGXmlTestSuite.java:75)\r\n\tat org.apache.maven.surefire.testng.TestNGProvider.invoke(TestNGProvider.java:120)\r\n\tat org.apache.maven.surefire.booter.ForkedBooter.invokeProviderInSameClassLoader(ForkedBooter.java:384)\r\n\tat org.apache.maven.surefire.booter.ForkedBooter.runSuitesInProcess(ForkedBooter.java:345)\r\n\tat org.apache.maven.surefire.booter.ForkedBooter.execute(ForkedBooter.java:126)\r\n\tat org.apache.maven.surefire.booter.ForkedBooter.main(ForkedBooter.java:418)\r\n","flaky":true,"newFailed":true,"newBroken":false,"newPassed":false,"retriesCount":1,"retriesStatusChange":true,"beforeStages":[{"name":"startSession","time":{"start":1742910839175,"stop":1742910844377,"duration":5202},"description":"","status":"passed","steps":[],"attachments":[],"parameters":[],"stepsCount":0,"attachmentStep":false,"hasContent":false,"shouldDisplayMessage":false,"attachmentsCount":0},{"name":"beforeMethod","time":{"start":1742910881285,"stop":1742910881288,"duration":3},"description":"","status":"passed","steps":[],"attachments":[],"parameters":[],"stepsCount":0,"attachmentStep":false,"hasContent":false,"shouldDisplayMessage":false,"attachmentsCount":0}],"testStage":{"description":"This test verifies existing a cart icon","status":"failed","statusMessage":"Error Comparing Image FileFindFailed: C:\\\\Automation\\\\FinalProject\\\\ImageRepository\\\\cart.PNG: (37x35) in R[0,0 1920x1080]@S(0)\n  Line 2291, in file Region.java\n","statusTrace":"java.lang.AssertionError: Error Comparing Image FileFindFailed: C:\\\\Automation\\\\FinalProject\\\\ImageRepository\\\\cart.PNG: (37x35) in R[0,0 1920x1080]@S(0)\n  Line 2291, in file Region.java\n\r\n\tat org.testng.Assert.fail(Assert.java:110)\r\n\tat extensions.Verifications.visualElement(Verifications.java:48)\r\n\tat sanity.SauceDemoWeb.test06_verifyCartIcon(SauceDemoWeb.java:50)\r\n\tat java.base/jdk.internal.reflect.DirectMethodHandleAccessor.invoke(DirectMethodHandleAccessor.java:103)\r\n\tat java.base/java.lang.reflect.Method.invoke(Method.java:580)\r\n\tat org.testng.internal.invokers.MethodInvocationHelper.invokeMethod(MethodInvocationHelper.java:139)\r\n\tat org.testng.internal.invokers.TestInvoker.invokeMethod(TestInvoker.java:677)\r\n\tat org.testng.internal.invokers.TestInvoker.invokeTestMethod(TestInvoker.java:221)\r\n\tat org.testng.internal.invokers.MethodRunner.runInSequence(MethodRunner.java:50)\r\n\tat org.testng.internal.invokers.TestInvoker$MethodInvocationAgent.invoke(TestInvoker.java:969)\r\n\tat org.testng.internal.invokers.TestInvoker.invokeTestMethods(TestInvoker.java:194)\r\n\tat org.testng.internal.invokers.TestMethodWorker.invokeTestMethods(TestMethodWorker.java:148)\r\n\tat org.testng.internal.invokers.TestMethodWorker.run(TestMethodWorker.java:128)\r\n\tat java.base/java.util.ArrayList.forEach(ArrayList.java:1596)\r\n\tat org.testng.TestRunner.privateRun(TestRunner.java:829)\r\n\tat org.testng.TestRunner.run(TestRunner.java:602)\r\n\tat org.testng.SuiteRunner.runTest(SuiteRunner.java:437)\r\n\tat org.testng.SuiteRunner.runSequentially(SuiteRunner.java:431)\r\n\tat org.testng.SuiteRunner.privateRun(SuiteRunner.java:391)\r\n\tat org.testng.SuiteRunner.run(SuiteRunner.java:330)\r\n\tat org.testng.SuiteRunnerWorker.runSuite(SuiteRunnerWorker.java:52)\r\n\tat org.testng.SuiteRunnerWorker.run(SuiteRunnerWorker.java:95)\r\n\tat org.testng.TestNG.runSuitesSequentially(TestNG.java:1256)\r\n\tat org.testng.TestNG.runSuitesLocally(TestNG.java:1176)\r\n\tat org.testng.TestNG.runSuites(TestNG.java:1099)\r\n\tat org.testng.TestNG.run(TestNG.java:1067)\r\n\tat org.apache.maven.surefire.testng.TestNGExecutor.run(TestNGExecutor.java:283)\r\n\tat org.apache.maven.surefire.testng.TestNGXmlTestSuite.execute(TestNGXmlTestSuite.java:75)\r\n\tat org.apache.maven.surefire.testng.TestNGProvider.invoke(TestNGProvider.java:120)\r\n\tat org.apache.maven.surefire.booter.ForkedBooter.invokeProviderInSameClassLoader(ForkedBooter.java:384)\r\n\tat org.apache.maven.surefire.booter.ForkedBooter.runSuitesInProcess(ForkedBooter.java:345)\r\n\tat org.apache.maven.surefire.booter.ForkedBooter.execute(ForkedBooter.java:126)\r\n\tat org.apache.maven.surefire.booter.ForkedBooter.main(ForkedBooter.java:418)\r\n","steps":[{"name":"Business Flow: Login","time":{"start":1742910881290,"stop":1742910881681,"duration":391},"status":"passed","steps":[{"name":"Update text on element","time":{"start":1742910881314,"stop":1742910881406,"duration":92},"status":"passed","steps":[],"attachments":[],"parameters":[{"name":"elem","value":"[[ChromeDriver: chrome on WINDOWS (33793d453ef1e46e4edda881200c8b0f)] -> name: user-name]"},{"name":"text","value":"standard_user"}],"stepsCount":0,"attachmentStep":false,"hasContent":true,"shouldDisplayMessage":false,"attachmentsCount":0},{"name":"Update text on element","time":{"start":1742910881420,"stop":1742910881509,"duration":89},"status":"passed","steps":[],"attachments":[],"parameters":[{"name":"elem","value":"[[ChromeDriver: chrome on WINDOWS (33793d453ef1e46e4edda881200c8b0f)] -> name: password]"},{"name":"text","value":"secret_sauce"}],"stepsCount":0,"attachmentStep":false,"hasContent":true,"shouldDisplayMessage":false,"attachmentsCount":0},{"name":"Click on element","time":{"start":1742910881516,"stop":1742910881681,"duration":165},"status":"passed","steps":[],"attachments":[],"parameters":[{"name":"elem","value":"[[ChromeDriver: chrome on WINDOWS (33793d453ef1e46e4edda881200c8b0f)] -> id: login-button]"}],"stepsCount":0,"attachmentStep":false,"hasContent":true,"shouldDisplayMessage":false,"attachmentsCount":0}],"attachments":[],"parameters":[{"name":"user","value":"standard_user"},{"name":"password","value":"secret_sauce"}],"stepsCount":3,"attachmentStep":false,"hasContent":true,"shouldDisplayMessage":false,"attachmentsCount":0},{"name":"Verify Visually of Element","time":{"start":1742910881681,"stop":1742910882691,"duration":1010},"status":"failed","statusMessage":"Error Comparing Image FileFindFailed: C:\\\\Automation\\\\FinalProject\\\\ImageRepository\\\\cart.PNG: (37x35) in R[0,0 1920x1080]@S(0)\n  Line 2291, in file Region.java\n","statusTrace":"java.lang.AssertionError: Error Comparing Image FileFindFailed: C:\\\\Automation\\\\FinalProject\\\\ImageRepository\\\\cart.PNG: (37x35) in R[0,0 1920x1080]@S(0)\n  Line 2291, in file Region.java\n\r\n\tat org.testng.Assert.fail(Assert.java:110)\r\n\tat extensions.Verifications.visualElement(Verifications.java:48)\r\n\tat sanity.SauceDemoWeb.test06_verifyCartIcon(SauceDemoWeb.java:50)\r\n\tat java.base/jdk.internal.reflect.DirectMethodHandleAccessor.invoke(DirectMethodHandleAccessor.java:103)\r\n\tat java.base/java.lang.reflect.Method.invoke(Method.java:580)\r\n\tat org.testng.internal.invokers.MethodInvocationHelper.invokeMethod(MethodInvocationHelper.java:139)\r\n\tat org.testng.internal.invokers.TestInvoker.invokeMethod(TestInvoker.java:677)\r\n\tat org.testng.internal.invokers.TestInvoker.invokeTestMethod(TestInvoker.java:221)\r\n\tat org.testng.internal.invokers.MethodRunner.runInSequence(MethodRunner.java:50)\r\n\tat org.testng.internal.invokers.TestInvoker$MethodInvocationAgent.invoke(TestInvoker.java:969)\r\n\tat org.testng.internal.invokers.TestInvoker.invokeTestMethods(TestInvoker.java:194)\r\n\tat org.testng.internal.invokers.TestMethodWorker.invokeTestMethods(TestMethodWorker.java:148)\r\n\tat org.testng.internal.invokers.TestMethodWorker.run(TestMethodWorker.java:128)\r\n\tat java.base/java.util.ArrayList.forEach(ArrayList.java:1596)\r\n\tat org.testng.TestRunner.privateRun(TestRunner.java:829)\r\n\tat org.testng.TestRunner.run(TestRunner.java:602)\r\n\tat org.testng.SuiteRunner.runTest(SuiteRunner.java:437)\r\n\tat org.testng.SuiteRunner.runSequentially(SuiteRunner.java:431)\r\n\tat org.testng.SuiteRunner.privateRun(SuiteRunner.java:391)\r\n\tat org.testng.SuiteRunner.run(SuiteRunner.java:330)\r\n\tat org.testng.SuiteRunnerWorker.runSuite(SuiteRunnerWorker.java:52)\r\n\tat org.testng.SuiteRunnerWorker.run(SuiteRunnerWorker.java:95)\r\n\tat org.testng.TestNG.runSuitesSequentially(TestNG.java:1256)\r\n\tat org.testng.TestNG.runSuitesLocally(TestNG.java:1176)\r\n\tat org.testng.TestNG.runSuites(TestNG.java:1099)\r\n\tat org.testng.TestNG.run(TestNG.java:1067)\r\n\tat org.apache.maven.surefire.testng.TestNGExecutor.run(TestNGExecutor.java:283)\r\n\tat org.apache.maven.surefire.testng.TestNGXmlTestSuite.execute(TestNGXmlTestSuite.java:75)\r\n\tat org.apache.maven.surefire.testng.TestNGProvider.invoke(TestNGProvider.java:120)\r\n\tat org.apache.maven.surefire.booter.ForkedBooter.invokeProviderInSameClassLoader(ForkedBooter.java:384)\r\n\tat org.apache.maven.surefire.booter.ForkedBooter.runSuitesInProcess(ForkedBooter.java:345)\r\n\tat org.apache.maven.surefire.booter.ForkedBooter.execute(ForkedBooter.java:126)\r\n\tat org.apache.maven.surefire.booter.ForkedBooter.main(ForkedBooter.java:418)\r\n","steps":[],"attachments":[],"parameters":[{"name":"expectedImageName","value":"cart"}],"stepsCount":0,"attachmentStep":false,"hasContent":true,"shouldDisplayMessage":true,"attachmentsCount":0}],"attachments":[],"parameters":[],"stepsCount":5,"attachmentStep":false,"hasContent":true,"shouldDisplayMessage":false,"attachmentsCount":0},"afterStages":[{"name":"goToHomePage","time":{"start":1742910883026,"stop":1742910883079,"duration":53},"description":"","status":"passed","steps":[],"attachments":[],"parameters":[],"stepsCount":0,"attachmentStep":false,"hasContent":false,"shouldDisplayMessage":false,"attachmentsCount":0},{"name":"closeSession","time":{"start":1742910883698,"stop":1742910883893,"duration":195},"description":"","status":"passed","steps":[],"attachments":[],"parameters":[],"stepsCount":0,"attachmentStep":false,"hasContent":false,"shouldDisplayMessage":false,"attachmentsCount":0}],"labels":[{"name":"package","value":"sanity.SauceDemoWeb"},{"name":"testClass","value":"sanity.SauceDemoWeb"},{"name":"testMethod","value":"test06_verifyCartIcon"},{"name":"parentSuite","value":"WebSuite"},{"name":"suite","value":"Web Tests"},{"name":"subSuite","value":"sanity.SauceDemoWeb"},{"name":"host","value":"IL-VV-LP-DNI"},{"name":"thread","value":"20700@IL-VV-LP-DNI.main(1)"},{"name":"framework","value":"testng"},{"name":"language","value":"java"},{"name":"resultFormat","value":"allure2"}],"parameters":[{"name":"PlatformName","value":"web"}],"links":[],"hidden":false,"retry":false,"extra":{"severity":"normal","retries":[{"uid":"468c15f0458b64c5","status":"passed","time":{"start":1742908582915,"stop":1742908583905,"duration":990}}],"categories":[{"name":"Product defects","matchedStatuses":[]}],"history":{"statistic":{"failed":2,"broken":0,"skipped":0,"passed":7,"unknown":0,"total":9},"items":[{"uid":"b9eea39be185828","reportUrl":"http://localhost:9090/job/Sanity%20Tests%20Web/15/allure/#testresult/b9eea39be185828","status":"passed","time":{"start":1741785821425,"stop":1741785822686,"duration":1261}},{"uid":"b82f76d222b85308","reportUrl":"http://localhost:9090/job/Sanity%20Tests%20Web/14/allure/#testresult/b82f76d222b85308","status":"passed","time":{"start":1741785008818,"stop":1741785010019,"duration":1201}},{"uid":"ee474139c96a7815","reportUrl":"http://localhost:9090/job/Sanity%20Tests%20Web/13/allure/#testresult/ee474139c96a7815","status":"failed","statusDetails":"Error Comparing Image FileFindFailed: C:\\\\Automation\\\\FinalProject\\\\ImageRepository\\\\cart.PNG: (37x35) in R[0,0 1920x1080]@S(0)\n  Line 2291, in file Region.java\n","time":{"start":1741780323030,"stop":1741780324597,"duration":1567}},{"uid":"a0a0bbb40f52c873","reportUrl":"http://localhost:9090/job/Sanity%20Tests%20Web/12/allure/#testresult/a0a0bbb40f52c873","status":"passed","time":{"start":1741779762192,"stop":1741779764035,"duration":1843}},{"uid":"1c9cddd92732bd59","reportUrl":"http://localhost:9090/job/Sanity%20Tests%20Web/11/allure/#testresult/1c9cddd92732bd59","status":"passed","time":{"start":1741779165520,"stop":1741779167202,"duration":1682}},{"uid":"b5bd29a73f994ec7","reportUrl":"http://localhost:9090/job/Sanity%20Tests%20Web/10/allure/#testresult/b5bd29a73f994ec7","status":"passed","time":{"start":1741626007510,"stop":1741626008429,"duration":919}},{"uid":"a4105c718485ea4c","reportUrl":"http://localhost:9090/job/Sanity%20Tests%20Web/9/allure/#testresult/a4105c718485ea4c","status":"passed","time":{"start":1741625957173,"stop":1741625958246,"duration":1073}},{"uid":"dd9fb10a6dcd688d","reportUrl":"http://localhost:9090/job/Sanity%20Tests%20Web/8/allure/#testresult/dd9fb10a6dcd688d","status":"passed","time":{"start":1741625753901,"stop":1741625754858,"duration":957}}]},"tags":[]},"source":"73c361973d81e29a.json","parameterValues":["web"]}